<?xml version="1.0" encoding="UTF-8"?>
<testng-results skipped="0" failed="0" ignored="0" total="0" passed="0">
  <reporter-output>
  </reporter-output>
  <suite name="TestRunner" duration-ms="20" started-at="2020-12-10T00:22:16Z" finished-at="2020-12-10T00:22:16Z">
    <groups>
    </groups>
    <test name="Command line test" duration-ms="20" started-at="2020-12-10T00:22:16Z" finished-at="2020-12-10T00:22:16Z">
    </test> <!-- Command line test -->
  </suite> <!-- TestRunner -->
</testng-results>
